
**** Build of configuration Nios II for project redemption ****

make all 
      1 [main] sh 13364 find_fast_cwd: WARNING: Couldn't compute FAST_CWD pointer.  Please report this problem to
the public mailing list cygwin@cygwin.com
      1 [main] sh 15684 find_fast_cwd: WARNING: Couldn't compute FAST_CWD pointer.  Please report this problem to
the public mailing list cygwin@cygwin.com
      5 [main] echo 15520 find_fast_cwd: WARNING: Couldn't compute FAST_CWD pointer.  Please report this problem to
Info: Building ../redemption_bsp/
the public mailing list cygwin@cygwin.com
make --no-print-directory -C ../redemption_bsp/
      1 [main] pwd 12364 find_fast_cwd: WARNING: Couldn't compute FAST_CWD pointer.  Please report this problem to
the public mailing list cygwin@cygwin.com
      2 [main] sh 9440 find_fast_cwd: WARNING: Couldn't compute FAST_CWD pointer.  Please report this problem to
the public mailing list cygwin@cygwin.com
      2 [main] sh 11308 find_fast_cwd: WARNING: Couldn't compute FAST_CWD pointer.  Please report this problem to
the public mailing list cygwin@cygwin.com
[BSP build complete]
      2 [main] echo 3408 find_fast_cwd: WARNING: Couldn't compute FAST_CWD pointer.  Please report this problem to
the public mailing list cygwin@cygwin.com
Info: Compiling alt_error_handler.c to obj/default/alt_error_handler.o
      1 [main] mkdir 12196 find_fast_cwd: WARNING: Couldn't compute FAST_CWD pointer.  Please report this problem to
the public mailing list cygwin@cygwin.com
nios2-elf-gcc -xc -MP -MMD -c -I../redemption_bsp//iniche/inc -I../redemption_bsp//iniche/src/h -I../redemption_bsp//iniche/src/h/nios2 -I../redemption_bsp//iniche/src/nios2 -I../redemption_bsp//UCOSII/inc -I../redemption_bsp//HAL/inc -I../redemption_bsp/ -I../redemption_bsp//drivers/inc  -DSYSTEM_BUS_WIDTH=32 -pipe -D__hal__ -DALT_NO_INSTRUCTION_EMULATION -DALT_INICHE -D__ucosii__    -O0 -g -Wall   -EL -mno-hw-div -mhw-mul -mno-hw-mulx  -o obj/default/alt_error_handler.o alt_error_handler.c
      2 [main] echo 7380 find_fast_cwd: WARNING: Couldn't compute FAST_CWD pointer.  Please report this problem to
Info: Compiling iniche_init.c to obj/default/iniche_init.o
the public mailing list cygwin@cygwin.com
nios2-elf-gcc -xc -MP -MMD -c -I../redemption_bsp//iniche/inc -I../redemption_bsp//iniche/src/h -I../redemption_bsp//iniche/src/h/nios2 -I../redemption_bsp//iniche/src/nios2 -I../redemption_bsp//UCOSII/inc -I../redemption_bsp//HAL/inc -I../redemption_bsp/ -I../redemption_bsp//drivers/inc  -DSYSTEM_BUS_WIDTH=32 -pipe -D__hal__ -DALT_NO_INSTRUCTION_EMULATION -DALT_INICHE -D__ucosii__    -O0 -g -Wall   -EL -mno-hw-div -mhw-mul -mno-hw-mulx  -o obj/default/iniche_init.o iniche_init.c
      2 [main] mkdir 15100 find_fast_cwd: WARNING: Couldn't compute FAST_CWD pointer.  Please report this problem to
Info: Compiling led.c to obj/default/led.o
the public mailing list cygwin@cygwin.com
      2 [main] echo 4600 find_fast_cwd: WARNING: Couldn't compute FAST_CWD pointer.  Please report this problem to
nios2-elf-gcc -xc -MP -MMD -c -I../redemption_bsp//iniche/inc -I../redemption_bsp//iniche/src/h -I../redemption_bsp//iniche/src/h/nios2 -I../redemption_bsp//iniche/src/nios2 -I../redemption_bsp//UCOSII/inc -I../redemption_bsp//HAL/inc -I../redemption_bsp/ -I../redemption_bsp//drivers/inc  -DSYSTEM_BUS_WIDTH=32 -pipe -D__hal__ -DALT_NO_INSTRUCTION_EMULATION -DALT_INICHE -D__ucosii__    -O0 -g -Wall   -EL -mno-hw-div -mhw-mul -mno-hw-mulx  -o obj/default/led.o led.c
the public mailing list cygwin@cygwin.com
Info: Compiling network_utilities.c to obj/default/network_utilities.o
      2 [main] mkdir 11940 find_fast_cwd: WARNING: Couldn't compute FAST_CWD pointer.  Please report this problem to
nios2-elf-gcc -xc -MP -MMD -c -I../redemption_bsp//iniche/inc -I../redemption_bsp//iniche/src/h -I../redemption_bsp//iniche/src/h/nios2 -I../redemption_bsp//iniche/src/nios2 -I../redemption_bsp//UCOSII/inc -I../redemption_bsp//HAL/inc -I../redemption_bsp/ -I../redemption_bsp//drivers/inc  -DSYSTEM_BUS_WIDTH=32 -pipe -D__hal__ -DALT_NO_INSTRUCTION_EMULATION -DALT_INICHE -D__ucosii__    -O0 -g -Wall   -EL -mno-hw-div -mhw-mul -mno-hw-mulx  -o obj/default/network_utilities.o network_utilities.c
the public mailing list cygwin@cygwin.com
led.c: In function 'LED7SegLightshowTask':
led.c:97: warning: unused variable 'led_7_seg_val'
      2 [main] echo 14912 find_fast_cwd: WARNING: Couldn't compute FAST_CWD pointer.  Please report this problem to
the public mailing list cygwin@cygwin.com
      1 [main] mkdir 1224 find_fast_cwd: WARNING: Couldn't compute FAST_CWD pointer.  Please report this problem to
the public mailing list cygwin@cygwin.com
network_utilities.c: In function 'generate_and_store_mac_addr':
network_utilities.c:239: error: 'EXT_FLASH_NAME' undeclared (first use in this function)
network_utilities.c:239: error: (Each undeclared identifier is reported only once
network_utilities.c:239: error: for each function it appears in.)
network_utilities.c: In function 'get_board_mac_addr':
network_utilities.c:316: error: 'EXT_FLASH_BASE' undeclared (first use in this function)
network_utilities.c: In function 'FindLastFlashSectorOffset':
network_utilities.c:385: error: 'EXT_FLASH_NAME' undeclared (first use in this function)
make: *** [obj/default/network_utilities.o] Error 1

**** Build Finished ****
