
**** Build of configuration Nios II for project socket_simples ****

make all 
Info: Building ../socket_simples_bsp/
make --no-print-directory -C ../socket_simples_bsp/
[BSP build complete]
Info: Compiling iniche_init.c to obj/default/iniche_init.o
nios2-elf-gcc -xc -MP -MMD -c -I../socket_simples_bsp//iniche/inc -I../socket_simples_bsp//iniche/src/h -I../socket_simples_bsp//iniche/src/h/nios2 -I../socket_simples_bsp//iniche/src/nios2 -I../socket_simples_bsp//UCOSII/inc -I../socket_simples_bsp//HAL/inc -I../socket_simples_bsp/ -I../socket_simples_bsp//drivers/inc  -DSYSTEM_BUS_WIDTH=32 -pipe -D__hal__ -DALT_NO_INSTRUCTION_EMULATION -DALT_INICHE -D__ucosii__    -O0 -g -Wall   -EL -mno-hw-div -mhw-mul -mno-hw-mulx  -o obj/default/iniche_init.o iniche_init.c
iniche_init.c: In function 'SSSInitialTask':
Info: Linking socket_simples.elf
iniche_init.c:152: warning: integer constant is too large for 'long' type
iniche_init.c:152: warning: overflow in implicit constant conversion
iniche_init.c:156: warning: implicit declaration of function 'delay'
nios2-elf-g++  -T'../socket_simples_bsp//linker.x' -msys-crt0='../socket_simples_bsp//obj/HAL/src/crt0.o' -msys-lib=ucosii_bsp -L../socket_simples_bsp/   -Wl,-Map=socket_simples.map   -O0 -g -Wall   -EL -mno-hw-div -mhw-mul -mno-hw-mulx  -o socket_simples.elf obj/default/LCD.o obj/default/SSS_DE2_115.o obj/default/alt_error_handler.o obj/default/dm9000a.o obj/default/iniche_init.o obj/default/led.o obj/default/network_utilities.o obj/default/simple_socket_server.o obj/default/tse_my_system.o -lm 
iniche_init.c:167: warning: implicit declaration of function 'inet_pton'
iniche_init.c:216: warning: implicit declaration of function 'toInt'
iniche_init.c:78: warning: unused variable 'error_code'
iniche_init.c: At top level:
iniche_init.c:400: warning: conflicting types for 'delay'
iniche_init.c:156: warning: previous implicit declaration of 'delay' was here
nios2-elf-insert socket_simples.elf --thread_model ucosii --cpu_name cpu_0 --qsys true --simulation_enabled false --id 0 --sidp 0x1a82108 --timestamp 1563371686 --stderr_dev jtag_uart_0 --stdin_dev jtag_uart_0 --stdout_dev jtag_uart_0 --sopc_system_name system_0 --quartus_project_dir "C:/Users/DAELN/Downloads/de2_net-master/de2_net" --jdi C:/Users/DAELN/Downloads/de2_net-master/de2_net/DE2_NET.jdi --sopcinfo C:/Users/DAELN/Downloads/de2_net-master/de2_net/system_0.sopcinfo
Info: (socket_simples.elf) 351 KBytes program size (code + initialized data).
Info:                      7840 KBytes free for stack + heap.
Info: Creating socket_simples.objdump
nios2-elf-objdump --disassemble --syms --all-header --source socket_simples.elf >socket_simples.objdump
[socket_simples build complete]

**** Build Finished ****
