Flow report for userHardware
Thu Jul 18 10:40:58 2019
Quartus II 64-Bit Version 13.0.0 Build 156 04/24/2013 SJ Web Edition


---------------------
; Table of Contents ;
---------------------
  1. Legal Notice
  2. Flow Summary
  3. Flow Settings
  4. Flow Non-Default Global Settings
  5. Flow Elapsed Time
  6. Flow OS Summary
  7. Flow Log
  8. Flow Messages
  9. Flow Suppressed Messages



----------------
; Legal Notice ;
----------------
Copyright (C) 1991-2013 Altera Corporation
Your use of Altera Corporation's design tools, logic functions 
and other software and tools, and its AMPP partner logic 
functions, and any output files from any of the foregoing 
(including device programming or simulation files), and any 
associated documentation or information are expressly subject 
to the terms and conditions of the Altera Program License 
Subscription Agreement, Altera MegaCore Function License 
Agreement, or other applicable license agreement, including, 
without limitation, that your use is for the sole purpose of 
programming logic devices manufactured by Altera and sold by 
Altera or its authorized distributors.  Please refer to the 
applicable agreement for further details.



+---------------------------------------------------------------------------------+
; Flow Summary                                                                    ;
+------------------------------------+--------------------------------------------+
; Flow Status                        ; Successful - Thu Jul 18 10:40:58 2019      ;
; Quartus II 64-Bit Version          ; 13.0.0 Build 156 04/24/2013 SJ Web Edition ;
; Revision Name                      ; userHardware                               ;
; Top-level Entity Name              ; avalon_interface                           ;
; Family                             ; Cyclone IV GX                              ;
; Total logic elements               ; 188 / 21,280 ( < 1 % )                     ;
;     Total combinational functions  ; 185 / 21,280 ( < 1 % )                     ;
;     Dedicated logic registers      ; 83 / 21,280 ( < 1 % )                      ;
; Total registers                    ; 83                                         ;
; Total pins                         ; 69 / 167 ( 41 % )                          ;
; Total virtual pins                 ; 0                                          ;
; Total memory bits                  ; 0 / 774,144 ( 0 % )                        ;
; Embedded Multiplier 9-bit elements ; 0 / 80 ( 0 % )                             ;
; Total GXB Receiver Channel PCS     ; 0 / 4 ( 0 % )                              ;
; Total GXB Receiver Channel PMA     ; 0 / 4 ( 0 % )                              ;
; Total GXB Transmitter Channel PCS  ; 0 / 4 ( 0 % )                              ;
; Total GXB Transmitter Channel PMA  ; 0 / 4 ( 0 % )                              ;
; Total PLLs                         ; 0 / 4 ( 0 % )                              ;
; Device                             ; EP4CGX22CF19C6                             ;
; Timing Models                      ; Final                                      ;
+------------------------------------+--------------------------------------------+


+-----------------------------------------+
; Flow Settings                           ;
+-------------------+---------------------+
; Option            ; Setting             ;
+-------------------+---------------------+
; Start date & time ; 07/18/2019 10:40:37 ;
; Main task         ; Compilation         ;
; Revision Name     ; userHardware        ;
+-------------------+---------------------+


+---------------------------------------------------------------------------------------------------------------------------+
; Flow Non-Default Global Settings                                                                                          ;
+-------------------------------------+---------------------------------+---------------+------------------+----------------+
; Assignment Name                     ; Value                           ; Default Value ; Entity Name      ; Section Id     ;
+-------------------------------------+---------------------------------+---------------+------------------+----------------+
; COMPILER_SIGNATURE_ID               ; 247207025561790.156345723700440 ; --            ; --               ; --             ;
; EDA_OUTPUT_DATA_FORMAT              ; Vhdl                            ; --            ; --               ; eda_simulation ;
; EDA_SIMULATION_TOOL                 ; ModelSim-Altera (VHDL)          ; <None>        ; --               ; --             ;
; PARTITION_COLOR                     ; 16764057                        ; --            ; avalon_interface ; Top            ;
; PARTITION_FITTER_PRESERVATION_LEVEL ; PLACEMENT_AND_ROUTING           ; --            ; avalon_interface ; Top            ;
; PARTITION_NETLIST_TYPE              ; SOURCE                          ; --            ; avalon_interface ; Top            ;
; PROJECT_OUTPUT_DIRECTORY            ; output_files                    ; --            ; --               ; --             ;
; TOP_LEVEL_ENTITY                    ; avalon_interface                ; userHardware  ; --               ; --             ;
+-------------------------------------+---------------------------------+---------------+------------------+----------------+


+-------------------------------------------------------------------------------------------------------------------------------+
; Flow Elapsed Time                                                                                                             ;
+---------------------------+--------------+-------------------------+---------------------+------------------------------------+
; Module Name               ; Elapsed Time ; Average Processors Used ; Peak Virtual Memory ; Total CPU Time (on all processors) ;
+---------------------------+--------------+-------------------------+---------------------+------------------------------------+
; Analysis & Synthesis      ; 00:00:01     ; 1.0                     ; 523 MB              ; 00:00:01                           ;
; Fitter                    ; 00:00:11     ; 1.0                     ; 790 MB              ; 00:00:11                           ;
; Assembler                 ; 00:00:02     ; 1.0                     ; 470 MB              ; 00:00:02                           ;
; TimeQuest Timing Analyzer ; 00:00:02     ; 1.0                     ; 469 MB              ; 00:00:03                           ;
; EDA Netlist Writer        ; 00:00:01     ; 1.0                     ; 433 MB              ; 00:00:01                           ;
; Total                     ; 00:00:17     ; --                      ; --                  ; 00:00:18                           ;
+---------------------------+--------------+-------------------------+---------------------+------------------------------------+


+----------------------------------------------------------------------------------------+
; Flow OS Summary                                                                        ;
+---------------------------+------------------+-----------+------------+----------------+
; Module Name               ; Machine Hostname ; OS Name   ; OS Version ; Processor type ;
+---------------------------+------------------+-----------+------------+----------------+
; Analysis & Synthesis      ; Q202-1B          ; Windows 7 ; 6.1        ; x86_64         ;
; Fitter                    ; Q202-1B          ; Windows 7 ; 6.1        ; x86_64         ;
; Assembler                 ; Q202-1B          ; Windows 7 ; 6.1        ; x86_64         ;
; TimeQuest Timing Analyzer ; Q202-1B          ; Windows 7 ; 6.1        ; x86_64         ;
; EDA Netlist Writer        ; Q202-1B          ; Windows 7 ; 6.1        ; x86_64         ;
+---------------------------+------------------+-----------+------------+----------------+


------------
; Flow Log ;
------------
quartus_map --read_settings_files=on --write_settings_files=off userHardware -c userHardware
quartus_fit --read_settings_files=off --write_settings_files=off userHardware -c userHardware
quartus_asm --read_settings_files=off --write_settings_files=off userHardware -c userHardware
quartus_sta userHardware -c userHardware
quartus_eda --read_settings_files=off --write_settings_files=off userHardware -c userHardware



